Build started 1/18/2016 3:37:47 PM.
     1>Project "C:\Users\Eigenaar\Desktop\FYP\Project Y4\Project Y4\Project Y4.vcxproj" on node 2 (Build target(s)).
     1>ClCompile:
         C:\Program Files (x86)\Microsoft Visual Studio 14.0\VC\bin\CL.exe /c /I"C:\SFML-2.3.2\include" /ZI /nologo /W3 /WX- /sdl /Od /Oy- /D _MBCS /Gm /EHsc /RTC1 /MDd /GS /fp:precise /Zc:wchar_t /Zc:forScope /Zc:inline /Fo"Debug\\" /Fd"Debug\vc140.pdb" /Gd /TP /analyze- /errorReport:prompt Player.cpp SwapPoint.cpp
         SwapPoint.cpp
     1>c:\users\eigenaar\desktop\fyp\project y4\project y4\swappoint.cpp(3): warning C4244: 'argument': conversion from 'float' to 'size_t', possible loss of data
     1>c:\users\eigenaar\desktop\fyp\project y4\project y4\swappoint.cpp(9): warning C4305: '=': truncation from 'double' to 'float'
     1>c:\users\eigenaar\desktop\fyp\project y4\project y4\swappoint.cpp(12): warning C4244: 'argument': conversion from 'float' to 'unsigned int', possible loss of data
     1>c:\users\eigenaar\desktop\fyp\project y4\project y4\swappoint.cpp(19): warning C4244: '=': conversion from 'double' to 'float', possible loss of data
     1>c:\users\eigenaar\desktop\fyp\project y4\project y4\swappoint.cpp(61): warning C4244: 'argument': conversion from 'unsigned int' to 'float', possible loss of data
         Player.cpp
     1>c:\users\eigenaar\desktop\fyp\project y4\project y4\player.cpp(10): warning C4305: '=': truncation from 'double' to 'float'
     1>c:\users\eigenaar\desktop\fyp\project y4\project y4\player.cpp(29): error C2601: 'Player::Draw': local function definitions are illegal
         c:\users\eigenaar\desktop\fyp\project y4\project y4\player.cpp(26): note: this line contains a '{' which has not yet been matched
     1>c:\users\eigenaar\desktop\fyp\project y4\project y4\player.cpp(44): error C2601: 'Player::SetPos': local function definitions are illegal
         c:\users\eigenaar\desktop\fyp\project y4\project y4\player.cpp(26): note: this line contains a '{' which has not yet been matched
     1>c:\users\eigenaar\desktop\fyp\project y4\project y4\player.cpp(48): error C2601: 'Player::Update': local function definitions are illegal
         c:\users\eigenaar\desktop\fyp\project y4\project y4\player.cpp(26): note: this line contains a '{' which has not yet been matched
     1>c:\users\eigenaar\desktop\fyp\project y4\project y4\player.cpp(118): error C2601: 'Player::Vec2Multiply': local function definitions are illegal
         c:\users\eigenaar\desktop\fyp\project y4\project y4\player.cpp(26): note: this line contains a '{' which has not yet been matched
     1>c:\users\eigenaar\desktop\fyp\project y4\project y4\player.cpp(125): error C2601: 'Player::ChangeActiveShape': local function definitions are illegal
         c:\users\eigenaar\desktop\fyp\project y4\project y4\player.cpp(26): note: this line contains a '{' which has not yet been matched
     1>c:\users\eigenaar\desktop\fyp\project y4\project y4\player.cpp(140): error C2601: 'Player::getShape': local function definitions are illegal
         c:\users\eigenaar\desktop\fyp\project y4\project y4\player.cpp(26): note: this line contains a '{' which has not yet been matched
     1>c:\users\eigenaar\desktop\fyp\project y4\project y4\player.cpp(26): fatal error C1075: the left brace '{' was unmatched at the end of the file
         Generating Code...
     1>Done Building Project "C:\Users\Eigenaar\Desktop\FYP\Project Y4\Project Y4\Project Y4.vcxproj" (Build target(s)) -- FAILED.

Build FAILED.

Time Elapsed 00:00:03.30
